CRITICAL - 2023-06-12 13:58:05 --> Call to a member function contents() on null
#0 C:\xampp\htdocs\gauna\system\CodeIgniter.php(809): App\Controllers\carritoController->__construct()
#1 C:\xampp\htdocs\gauna\system\CodeIgniter.php(410): CodeIgniter\CodeIgniter->createController()
#2 C:\xampp\htdocs\gauna\system\CodeIgniter.php(326): CodeIgniter\CodeIgniter->handleRequest(NULL, Object(Config\Cache), false)
#3 C:\xampp\htdocs\gauna\index.php(37): CodeIgniter\CodeIgniter->run()
#4 {main}
CRITICAL - 2023-06-12 14:00:49 --> Call to a member function contents() on null
#0 C:\xampp\htdocs\gauna\system\CodeIgniter.php(809): App\Controllers\carritoController->__construct()
#1 C:\xampp\htdocs\gauna\system\CodeIgniter.php(410): CodeIgniter\CodeIgniter->createController()
#2 C:\xampp\htdocs\gauna\system\CodeIgniter.php(326): CodeIgniter\CodeIgniter->handleRequest(NULL, Object(Config\Cache), false)
#3 C:\xampp\htdocs\gauna\index.php(37): CodeIgniter\CodeIgniter->run()
#4 {main}
CRITICAL - 2023-06-12 14:13:40 --> Undefined index: baja
#0 C:\xampp\htdocs\gauna\app\Views\back\carrito\catalogo.php(39): CodeIgniter\Debug\Exceptions->errorHandler(8, 'Undefined index...', 'C:\\xampp\\htdocs...', 39, Array)
#1 C:\xampp\htdocs\gauna\system\View\View.php(210): include('C:\\xampp\\htdocs...')
#2 C:\xampp\htdocs\gauna\system\View\View.php(213): CodeIgniter\View\View->CodeIgniter\View\{closure}()
#3 C:\xampp\htdocs\gauna\system\Common.php(1089): CodeIgniter\View\View->render('back/carrito/ca...', Array, true)
#4 C:\xampp\htdocs\gauna\app\Controllers\carritoController.php(38): view('back/carrito/ca...', Array)
#5 C:\xampp\htdocs\gauna\system\CodeIgniter.php(832): App\Controllers\carritoController->catalogo()
#6 C:\xampp\htdocs\gauna\system\CodeIgniter.php(419): CodeIgniter\CodeIgniter->runController(Object(App\Controllers\carritoController))
#7 C:\xampp\htdocs\gauna\system\CodeIgniter.php(326): CodeIgniter\CodeIgniter->handleRequest(NULL, Object(Config\Cache), false)
#8 C:\xampp\htdocs\gauna\index.php(37): CodeIgniter\CodeIgniter->run()
#9 {main}
CRITICAL - 2023-06-12 14:15:30 --> Invalid file: back/carrito/carrito.php
#0 C:\xampp\htdocs\gauna\system\View\View.php(198): CodeIgniter\Exceptions\FrameworkException::forInvalidFile('back/carrito/ca...')
#1 C:\xampp\htdocs\gauna\system\Common.php(1089): CodeIgniter\View\View->render('back/carrito/ca...', Array, true)
#2 C:\xampp\htdocs\gauna\app\Controllers\carritoController.php(58): view('back/carrito/ca...', Array)
#3 C:\xampp\htdocs\gauna\system\CodeIgniter.php(832): App\Controllers\carritoController->carrito()
#4 C:\xampp\htdocs\gauna\system\CodeIgniter.php(419): CodeIgniter\CodeIgniter->runController(Object(App\Controllers\carritoController))
#5 C:\xampp\htdocs\gauna\system\CodeIgniter.php(326): CodeIgniter\CodeIgniter->handleRequest(NULL, Object(Config\Cache), false)
#6 C:\xampp\htdocs\gauna\index.php(37): CodeIgniter\CodeIgniter->run()
#7 {main}
CRITICAL - 2023-06-12 15:20:23 --> Undefined variable: img
#0 C:\xampp\htdocs\gauna\app\Views\back\carrito\catalogo.php(46): CodeIgniter\Debug\Exceptions->errorHandler(8, 'Undefined varia...', 'C:\\xampp\\htdocs...', 46, Array)
#1 C:\xampp\htdocs\gauna\system\View\View.php(210): include('C:\\xampp\\htdocs...')
#2 C:\xampp\htdocs\gauna\system\View\View.php(213): CodeIgniter\View\View->CodeIgniter\View\{closure}()
#3 C:\xampp\htdocs\gauna\system\Common.php(1089): CodeIgniter\View\View->render('back/carrito/ca...', Array, true)
#4 C:\xampp\htdocs\gauna\app\Controllers\carritoController.php(38): view('back/carrito/ca...', Array)
#5 C:\xampp\htdocs\gauna\system\CodeIgniter.php(832): App\Controllers\carritoController->catalogo()
#6 C:\xampp\htdocs\gauna\system\CodeIgniter.php(419): CodeIgniter\CodeIgniter->runController(Object(App\Controllers\carritoController))
#7 C:\xampp\htdocs\gauna\system\CodeIgniter.php(326): CodeIgniter\CodeIgniter->handleRequest(NULL, Object(Config\Cache), false)
#8 C:\xampp\htdocs\gauna\index.php(37): CodeIgniter\CodeIgniter->run()
#9 {main}
CRITICAL - 2023-06-12 16:01:43 --> Undefined variable: titulo
#0 C:\xampp\htdocs\gauna\app\Views\front\head_view.php(6): CodeIgniter\Debug\Exceptions->errorHandler(8, 'Undefined varia...', 'C:\\xampp\\htdocs...', 6, Array)
#1 C:\xampp\htdocs\gauna\system\View\View.php(210): include('C:\\xampp\\htdocs...')
#2 C:\xampp\htdocs\gauna\system\View\View.php(213): CodeIgniter\View\View->CodeIgniter\View\{closure}()
#3 C:\xampp\htdocs\gauna\system\Common.php(1089): CodeIgniter\View\View->render('front/head_view', Array, true)
#4 C:\xampp\htdocs\gauna\app\Controllers\Home.php(9): view('front/head_view')
#5 C:\xampp\htdocs\gauna\system\CodeIgniter.php(832): App\Controllers\Home->index()
#6 C:\xampp\htdocs\gauna\system\CodeIgniter.php(419): CodeIgniter\CodeIgniter->runController(Object(App\Controllers\Home))
#7 C:\xampp\htdocs\gauna\system\CodeIgniter.php(326): CodeIgniter\CodeIgniter->handleRequest(NULL, Object(Config\Cache), false)
#8 C:\xampp\htdocs\gauna\index.php(37): CodeIgniter\CodeIgniter->run()
#9 {main}
CRITICAL - 2023-06-12 16:04:41 --> Undefined variable: titulo
#0 C:\xampp\htdocs\gauna\app\Views\front\head_view.php(6): CodeIgniter\Debug\Exceptions->errorHandler(8, 'Undefined varia...', 'C:\\xampp\\htdocs...', 6, Array)
#1 C:\xampp\htdocs\gauna\system\View\View.php(210): include('C:\\xampp\\htdocs...')
#2 C:\xampp\htdocs\gauna\system\View\View.php(213): CodeIgniter\View\View->CodeIgniter\View\{closure}()
#3 C:\xampp\htdocs\gauna\system\Common.php(1089): CodeIgniter\View\View->render('front/head_view', Array, true)
#4 C:\xampp\htdocs\gauna\app\Controllers\Home.php(9): view('front/head_view')
#5 C:\xampp\htdocs\gauna\system\CodeIgniter.php(832): App\Controllers\Home->index()
#6 C:\xampp\htdocs\gauna\system\CodeIgniter.php(419): CodeIgniter\CodeIgniter->runController(Object(App\Controllers\Home))
#7 C:\xampp\htdocs\gauna\system\CodeIgniter.php(326): CodeIgniter\CodeIgniter->handleRequest(NULL, Object(Config\Cache), false)
#8 C:\xampp\htdocs\gauna\index.php(37): CodeIgniter\CodeIgniter->run()
#9 {main}
