CRITICAL - 2023-05-19 14:37:52 --> syntax error, unexpected end of file, expecting function (T_FUNCTION) or const (T_CONST)
#0 C:\xampp\htdocs\gauna\system\Autoloader\Autoloader.php(241): CodeIgniter\Autoloader\Autoloader->includeFile('C:\\xampp\\htdocs...')
#1 C:\xampp\htdocs\gauna\system\Autoloader\Autoloader.php(219): CodeIgniter\Autoloader\Autoloader->loadInNamespace('App\\Controllers...')
#2 [internal function]: CodeIgniter\Autoloader\Autoloader->loadClass('App\\Controllers...')
#3 [internal function]: spl_autoload_call('App\\Controllers...')
#4 C:\xampp\htdocs\gauna\system\CodeIgniter.php(797): class_exists('\\App\\Controller...', true)
#5 C:\xampp\htdocs\gauna\system\CodeIgniter.php(406): CodeIgniter\CodeIgniter->startController()
#6 C:\xampp\htdocs\gauna\system\CodeIgniter.php(326): CodeIgniter\CodeIgniter->handleRequest(NULL, Object(Config\Cache), false)
#7 C:\xampp\htdocs\gauna\index.php(37): CodeIgniter\CodeIgniter->run()
#8 {main}
CRITICAL - 2023-05-19 14:39:27 --> Invalid file: back/productos/agregarProducto.php
#0 C:\xampp\htdocs\gauna\system\View\View.php(198): CodeIgniter\Exceptions\FrameworkException::forInvalidFile('back/productos/...')
#1 C:\xampp\htdocs\gauna\system\Common.php(1089): CodeIgniter\View\View->render('back/productos/...', Array, true)
#2 C:\xampp\htdocs\gauna\app\Controllers\productos_crud_controller.php(14): view('back/productos/...', Array)
#3 C:\xampp\htdocs\gauna\system\CodeIgniter.php(832): App\Controllers\productos_crud_controller->create()
#4 C:\xampp\htdocs\gauna\system\CodeIgniter.php(419): CodeIgniter\CodeIgniter->runController(Object(App\Controllers\productos_crud_controller))
#5 C:\xampp\htdocs\gauna\system\CodeIgniter.php(326): CodeIgniter\CodeIgniter->handleRequest(NULL, Object(Config\Cache), false)
#6 C:\xampp\htdocs\gauna\index.php(37): CodeIgniter\CodeIgniter->run()
#7 {main}
CRITICAL - 2023-05-19 14:41:22 --> Undefined variable: productos
#0 C:\xampp\htdocs\gauna\app\Views\back\productos\agregarProductos.php(28): CodeIgniter\Debug\Exceptions->errorHandler(8, 'Undefined varia...', 'C:\\xampp\\htdocs...', 28, Array)
#1 C:\xampp\htdocs\gauna\system\View\View.php(210): include('C:\\xampp\\htdocs...')
#2 C:\xampp\htdocs\gauna\system\View\View.php(213): CodeIgniter\View\View->CodeIgniter\View\{closure}()
#3 C:\xampp\htdocs\gauna\system\Common.php(1089): CodeIgniter\View\View->render('back/productos/...', Array, true)
#4 C:\xampp\htdocs\gauna\app\Controllers\productos_crud_controller.php(14): view('back/productos/...', Array)
#5 C:\xampp\htdocs\gauna\system\CodeIgniter.php(832): App\Controllers\productos_crud_controller->create()
#6 C:\xampp\htdocs\gauna\system\CodeIgniter.php(419): CodeIgniter\CodeIgniter->runController(Object(App\Controllers\productos_crud_controller))
#7 C:\xampp\htdocs\gauna\system\CodeIgniter.php(326): CodeIgniter\CodeIgniter->handleRequest(NULL, Object(Config\Cache), false)
#8 C:\xampp\htdocs\gauna\index.php(37): CodeIgniter\CodeIgniter->run()
#9 {main}
