ERROR - 2023-06-11 12:36:03 --> Unknown column 'id' in 'where clause'
CRITICAL - 2023-06-11 12:36:03 --> Unknown column 'id' in 'where clause'
#0 C:\xampp\htdocs\gauna\system\Database\MySQLi\Connection.php(292): mysqli->query('SELECT *\nFROM `...', 0)
#1 C:\xampp\htdocs\gauna\system\Database\BaseConnection.php(670): CodeIgniter\Database\MySQLi\Connection->execute('SELECT *\nFROM `...')
#2 C:\xampp\htdocs\gauna\system\Database\BaseConnection.php(598): CodeIgniter\Database\BaseConnection->simpleQuery('SELECT *\nFROM `...')
#3 C:\xampp\htdocs\gauna\system\Database\BaseBuilder.php(1455): CodeIgniter\Database\BaseConnection->query('SELECT *\nFROM `...', Array, false)
#4 C:\xampp\htdocs\gauna\system\Model.php(210): CodeIgniter\Database\BaseBuilder->get()
#5 C:\xampp\htdocs\gauna\system\BaseModel.php(622): CodeIgniter\Model->doFirst()
#6 C:\xampp\htdocs\gauna\app\Controllers\usuarios_crud_controller.php(94): CodeIgniter\BaseModel->first()
#7 C:\xampp\htdocs\gauna\system\CodeIgniter.php(832): App\Controllers\usuarios_crud_controller->singleUser('3')
#8 C:\xampp\htdocs\gauna\system\CodeIgniter.php(419): CodeIgniter\CodeIgniter->runController(Object(App\Controllers\usuarios_crud_controller))
#9 C:\xampp\htdocs\gauna\system\CodeIgniter.php(326): CodeIgniter\CodeIgniter->handleRequest(NULL, Object(Config\Cache), false)
#10 C:\xampp\htdocs\gauna\index.php(37): CodeIgniter\CodeIgniter->run()
#11 {main}
CRITICAL - 2023-06-11 12:37:26 --> Undefined index: id
#0 C:\xampp\htdocs\gauna\app\Views\back\usuario\modificaUsuario.php(11): CodeIgniter\Debug\Exceptions->errorHandler(8, 'Undefined index...', 'C:\\xampp\\htdocs...', 11, Array)
#1 C:\xampp\htdocs\gauna\system\View\View.php(210): include('C:\\xampp\\htdocs...')
#2 C:\xampp\htdocs\gauna\system\View\View.php(213): CodeIgniter\View\View->CodeIgniter\View\{closure}()
#3 C:\xampp\htdocs\gauna\system\Common.php(1089): CodeIgniter\View\View->render('back/usuario/mo...', Array, true)
#4 C:\xampp\htdocs\gauna\app\Controllers\usuarios_crud_controller.php(99): view('back/usuario/mo...', Array)
#5 C:\xampp\htdocs\gauna\system\CodeIgniter.php(832): App\Controllers\usuarios_crud_controller->singleUser('3')
#6 C:\xampp\htdocs\gauna\system\CodeIgniter.php(419): CodeIgniter\CodeIgniter->runController(Object(App\Controllers\usuarios_crud_controller))
#7 C:\xampp\htdocs\gauna\system\CodeIgniter.php(326): CodeIgniter\CodeIgniter->handleRequest(NULL, Object(Config\Cache), false)
#8 C:\xampp\htdocs\gauna\index.php(37): CodeIgniter\CodeIgniter->run()
#9 {main}
CRITICAL - 2023-06-11 12:44:14 --> Invalid file: back/usuario/agregarUsuario.php
#0 C:\xampp\htdocs\gauna\system\View\View.php(198): CodeIgniter\Exceptions\FrameworkException::forInvalidFile('back/usuario/ag...')
#1 C:\xampp\htdocs\gauna\system\Common.php(1089): CodeIgniter\View\View->render('back/usuario/ag...', Array, true)
#2 C:\xampp\htdocs\gauna\app\Controllers\usuarios_crud_controller.php(25): view('back/usuario/ag...', Array)
#3 C:\xampp\htdocs\gauna\system\CodeIgniter.php(832): App\Controllers\usuarios_crud_controller->agregar()
#4 C:\xampp\htdocs\gauna\system\CodeIgniter.php(419): CodeIgniter\CodeIgniter->runController(Object(App\Controllers\usuarios_crud_controller))
#5 C:\xampp\htdocs\gauna\system\CodeIgniter.php(326): CodeIgniter\CodeIgniter->handleRequest(NULL, Object(Config\Cache), false)
#6 C:\xampp\htdocs\gauna\index.php(37): CodeIgniter\CodeIgniter->run()
#7 {main}
CRITICAL - 2023-06-11 13:42:58 --> Call to a member function contents() on null
#0 C:\xampp\htdocs\gauna\system\CodeIgniter.php(809): App\Controllers\carritoController->__construct()
#1 C:\xampp\htdocs\gauna\system\CodeIgniter.php(410): CodeIgniter\CodeIgniter->createController()
#2 C:\xampp\htdocs\gauna\system\CodeIgniter.php(326): CodeIgniter\CodeIgniter->handleRequest(NULL, Object(Config\Cache), false)
#3 C:\xampp\htdocs\gauna\index.php(37): CodeIgniter\CodeIgniter->run()
#4 {main}
CRITICAL - 2023-06-11 13:47:49 --> strpos(): Non-string needles will be interpreted as strings in the future. Use an explicit chr() call to preserve the current behavior
#0 [internal function]: CodeIgniter\Debug\Exceptions->errorHandler(8192, 'strpos(): Non-s...', 'C:\\xampp\\htdocs...', 239, Array)
#1 C:\xampp\htdocs\gauna\system\Autoloader\Autoloader.php(239): strpos('Kint\\Kint', 0)
#2 C:\xampp\htdocs\gauna\system\Autoloader\Autoloader.php(219): CodeIgniter\Autoloader\Autoloader->loadInNamespace('Kint\\Kint')
#3 [internal function]: CodeIgniter\Autoloader\Autoloader->loadClass('Kint\\Kint')
#4 C:\xampp\htdocs\gauna\system\ThirdParty\Kint\init.php(48): spl_autoload_call('Kint\\Kint')
#5 C:\xampp\htdocs\gauna\system\CodeIgniter.php(244): require_once('C:\\xampp\\htdocs...')
#6 C:\xampp\htdocs\gauna\system\CodeIgniter.php(186): CodeIgniter\CodeIgniter->initializeKint()
#7 C:\xampp\htdocs\gauna\system\bootstrap.php(146): CodeIgniter\CodeIgniter->initialize()
#8 C:\xampp\htdocs\gauna\index.php(28): require('C:\\xampp\\htdocs...')
#9 {main}
CRITICAL - 2023-06-11 13:47:51 --> strpos(): Non-string needles will be interpreted as strings in the future. Use an explicit chr() call to preserve the current behavior
#0 [internal function]: CodeIgniter\Debug\Exceptions->errorHandler(8192, 'strpos(): Non-s...', 'C:\\xampp\\htdocs...', 239, Array)
#1 C:\xampp\htdocs\gauna\system\Autoloader\Autoloader.php(239): strpos('Kint\\Kint', 0)
#2 C:\xampp\htdocs\gauna\system\Autoloader\Autoloader.php(219): CodeIgniter\Autoloader\Autoloader->loadInNamespace('Kint\\Kint')
#3 [internal function]: CodeIgniter\Autoloader\Autoloader->loadClass('Kint\\Kint')
#4 C:\xampp\htdocs\gauna\system\ThirdParty\Kint\init.php(48): spl_autoload_call('Kint\\Kint')
#5 C:\xampp\htdocs\gauna\system\CodeIgniter.php(244): require_once('C:\\xampp\\htdocs...')
#6 C:\xampp\htdocs\gauna\system\CodeIgniter.php(186): CodeIgniter\CodeIgniter->initializeKint()
#7 C:\xampp\htdocs\gauna\system\bootstrap.php(146): CodeIgniter\CodeIgniter->initialize()
#8 C:\xampp\htdocs\gauna\index.php(28): require('C:\\xampp\\htdocs...')
#9 {main}
CRITICAL - 2023-06-11 13:48:43 --> Call to a member function contents() on null
#0 C:\xampp\htdocs\gauna\system\CodeIgniter.php(809): App\Controllers\carritoController->__construct()
#1 C:\xampp\htdocs\gauna\system\CodeIgniter.php(410): CodeIgniter\CodeIgniter->createController()
#2 C:\xampp\htdocs\gauna\system\CodeIgniter.php(326): CodeIgniter\CodeIgniter->handleRequest(NULL, Object(Config\Cache), false)
#3 C:\xampp\htdocs\gauna\index.php(37): CodeIgniter\CodeIgniter->run()
#4 {main}
CRITICAL - 2023-06-11 13:50:24 --> Call to a member function contents() on null
#0 C:\xampp\htdocs\gauna\system\CodeIgniter.php(809): App\Controllers\carritoController->__construct()
#1 C:\xampp\htdocs\gauna\system\CodeIgniter.php(410): CodeIgniter\CodeIgniter->createController()
#2 C:\xampp\htdocs\gauna\system\CodeIgniter.php(326): CodeIgniter\CodeIgniter->handleRequest(NULL, Object(Config\Cache), false)
#3 C:\xampp\htdocs\gauna\index.php(37): CodeIgniter\CodeIgniter->run()
#4 {main}
CRITICAL - 2023-06-11 13:51:36 --> Call to a member function contents() on null
#0 C:\xampp\htdocs\gauna\system\CodeIgniter.php(809): App\Controllers\carritoController->__construct()
#1 C:\xampp\htdocs\gauna\system\CodeIgniter.php(410): CodeIgniter\CodeIgniter->createController()
#2 C:\xampp\htdocs\gauna\system\CodeIgniter.php(326): CodeIgniter\CodeIgniter->handleRequest(NULL, Object(Config\Cache), false)
#3 C:\xampp\htdocs\gauna\index.php(37): CodeIgniter\CodeIgniter->run()
#4 {main}
