CRITICAL - 2024-06-21 18:34:17 --> Unmatched '}'
#0 C:\xampp\htdocs\ProT2_42741081\system\View\View.php(213): CodeIgniter\View\View->CodeIgniter\View\{closure}()
#1 C:\xampp\htdocs\ProT2_42741081\system\Common.php(1089): CodeIgniter\View\View->render('front/navbar', Array, true)
#2 C:\xampp\htdocs\ProT2_42741081\app\Controllers\Home.php(10): view('front/navbar')
#3 C:\xampp\htdocs\ProT2_42741081\system\CodeIgniter.php(832): App\Controllers\Home->index()
#4 C:\xampp\htdocs\ProT2_42741081\system\CodeIgniter.php(419): CodeIgniter\CodeIgniter->runController(Object(App\Controllers\Home))
#5 C:\xampp\htdocs\ProT2_42741081\system\CodeIgniter.php(326): CodeIgniter\CodeIgniter->handleRequest(NULL, Object(Config\Cache), false)
#6 C:\xampp\htdocs\ProT2_42741081\index.php(37): CodeIgniter\CodeIgniter->run()
#7 {main}
CRITICAL - 2024-06-21 18:40:55 --> Unmatched '}'
#0 C:\xampp\htdocs\ProT2_42741081\system\Autoloader\Autoloader.php(241): CodeIgniter\Autoloader\Autoloader->includeFile('C:\\xampp\\htdocs...')
#1 C:\xampp\htdocs\ProT2_42741081\system\Autoloader\Autoloader.php(219): CodeIgniter\Autoloader\Autoloader->loadInNamespace('App\\Controllers...')
#2 [internal function]: CodeIgniter\Autoloader\Autoloader->loadClass('App\\Controllers...')
#3 C:\xampp\htdocs\ProT2_42741081\system\CodeIgniter.php(797): class_exists('\\App\\Controller...', true)
#4 C:\xampp\htdocs\ProT2_42741081\system\CodeIgniter.php(406): CodeIgniter\CodeIgniter->startController()
#5 C:\xampp\htdocs\ProT2_42741081\system\CodeIgniter.php(326): CodeIgniter\CodeIgniter->handleRequest(NULL, Object(Config\Cache), false)
#6 C:\xampp\htdocs\ProT2_42741081\index.php(37): CodeIgniter\CodeIgniter->run()
#7 {main}
CRITICAL - 2024-06-21 18:44:42 --> Call to undefined function form_submit()
#0 C:\xampp\htdocs\ProT2_42741081\system\View\View.php(210): include()
#1 C:\xampp\htdocs\ProT2_42741081\system\View\View.php(213): CodeIgniter\View\View->CodeIgniter\View\{closure}()
#2 C:\xampp\htdocs\ProT2_42741081\system\Common.php(1089): CodeIgniter\View\View->render('front/login', Array, true)
#3 C:\xampp\htdocs\ProT2_42741081\app\Controllers\Home.php(55): view('front/login')
#4 C:\xampp\htdocs\ProT2_42741081\system\CodeIgniter.php(832): App\Controllers\Home->login()
#5 C:\xampp\htdocs\ProT2_42741081\system\CodeIgniter.php(419): CodeIgniter\CodeIgniter->runController(Object(App\Controllers\Home))
#6 C:\xampp\htdocs\ProT2_42741081\system\CodeIgniter.php(326): CodeIgniter\CodeIgniter->handleRequest(NULL, Object(Config\Cache), false)
#7 C:\xampp\htdocs\ProT2_42741081\index.php(37): CodeIgniter\CodeIgniter->run()
#8 {main}
CRITICAL - 2024-06-21 18:44:55 --> Call to undefined function form_submit()
#0 C:\xampp\htdocs\ProT2_42741081\system\View\View.php(210): include()
#1 C:\xampp\htdocs\ProT2_42741081\system\View\View.php(213): CodeIgniter\View\View->CodeIgniter\View\{closure}()
#2 C:\xampp\htdocs\ProT2_42741081\system\Common.php(1089): CodeIgniter\View\View->render('front/login', Array, true)
#3 C:\xampp\htdocs\ProT2_42741081\app\Controllers\Home.php(55): view('front/login')
#4 C:\xampp\htdocs\ProT2_42741081\system\CodeIgniter.php(832): App\Controllers\Home->login()
#5 C:\xampp\htdocs\ProT2_42741081\system\CodeIgniter.php(419): CodeIgniter\CodeIgniter->runController(Object(App\Controllers\Home))
#6 C:\xampp\htdocs\ProT2_42741081\system\CodeIgniter.php(326): CodeIgniter\CodeIgniter->handleRequest(NULL, Object(Config\Cache), false)
#7 C:\xampp\htdocs\ProT2_42741081\index.php(37): CodeIgniter\CodeIgniter->run()
#8 {main}
CRITICAL - 2024-06-21 18:45:00 --> Call to undefined function form_submit()
#0 C:\xampp\htdocs\ProT2_42741081\system\View\View.php(210): include()
#1 C:\xampp\htdocs\ProT2_42741081\system\View\View.php(213): CodeIgniter\View\View->CodeIgniter\View\{closure}()
#2 C:\xampp\htdocs\ProT2_42741081\system\Common.php(1089): CodeIgniter\View\View->render('front/login', Array, true)
#3 C:\xampp\htdocs\ProT2_42741081\app\Controllers\Home.php(55): view('front/login')
#4 C:\xampp\htdocs\ProT2_42741081\system\CodeIgniter.php(832): App\Controllers\Home->login()
#5 C:\xampp\htdocs\ProT2_42741081\system\CodeIgniter.php(419): CodeIgniter\CodeIgniter->runController(Object(App\Controllers\Home))
#6 C:\xampp\htdocs\ProT2_42741081\system\CodeIgniter.php(326): CodeIgniter\CodeIgniter->handleRequest(NULL, Object(Config\Cache), false)
#7 C:\xampp\htdocs\ProT2_42741081\index.php(37): CodeIgniter\CodeIgniter->run()
#8 {main}
CRITICAL - 2024-06-21 18:50:16 --> Call to undefined function set_value()
#0 C:\xampp\htdocs\ProT2_42741081\system\View\View.php(210): include()
#1 C:\xampp\htdocs\ProT2_42741081\system\View\View.php(213): CodeIgniter\View\View->CodeIgniter\View\{closure}()
#2 C:\xampp\htdocs\ProT2_42741081\system\Common.php(1089): CodeIgniter\View\View->render('front/registrar...', Array, true)
#3 C:\xampp\htdocs\ProT2_42741081\app\Controllers\Home.php(62): view('front/registrar...')
#4 C:\xampp\htdocs\ProT2_42741081\system\CodeIgniter.php(832): App\Controllers\Home->registrarse()
#5 C:\xampp\htdocs\ProT2_42741081\system\CodeIgniter.php(419): CodeIgniter\CodeIgniter->runController(Object(App\Controllers\Home))
#6 C:\xampp\htdocs\ProT2_42741081\system\CodeIgniter.php(326): CodeIgniter\CodeIgniter->handleRequest(NULL, Object(Config\Cache), false)
#7 C:\xampp\htdocs\ProT2_42741081\index.php(37): CodeIgniter\CodeIgniter->run()
#8 {main}
CRITICAL - 2024-06-21 19:09:15 --> Call to undefined function set_value()
#0 C:\xampp\htdocs\ProT2_42741081\system\View\View.php(210): include()
#1 C:\xampp\htdocs\ProT2_42741081\system\View\View.php(213): CodeIgniter\View\View->CodeIgniter\View\{closure}()
#2 C:\xampp\htdocs\ProT2_42741081\system\Common.php(1089): CodeIgniter\View\View->render('front/registrar...', Array, true)
#3 C:\xampp\htdocs\ProT2_42741081\app\Controllers\Home.php(62): view('front/registrar...')
#4 C:\xampp\htdocs\ProT2_42741081\system\CodeIgniter.php(832): App\Controllers\Home->registrarse()
#5 C:\xampp\htdocs\ProT2_42741081\system\CodeIgniter.php(419): CodeIgniter\CodeIgniter->runController(Object(App\Controllers\Home))
#6 C:\xampp\htdocs\ProT2_42741081\system\CodeIgniter.php(326): CodeIgniter\CodeIgniter->handleRequest(NULL, Object(Config\Cache), false)
#7 C:\xampp\htdocs\ProT2_42741081\index.php(37): CodeIgniter\CodeIgniter->run()
#8 {main}
CRITICAL - 2024-06-21 21:17:05 --> Call to undefined function set_value()
#0 C:\xampp\htdocs\ProT2_42741081\system\View\View.php(210): include()
#1 C:\xampp\htdocs\ProT2_42741081\system\View\View.php(213): CodeIgniter\View\View->CodeIgniter\View\{closure}()
#2 C:\xampp\htdocs\ProT2_42741081\system\Common.php(1089): CodeIgniter\View\View->render('front/registrar...', Array, true)
#3 C:\xampp\htdocs\ProT2_42741081\app\Controllers\Home.php(46): view('front/registrar...')
#4 C:\xampp\htdocs\ProT2_42741081\system\CodeIgniter.php(832): App\Controllers\Home->registrarse()
#5 C:\xampp\htdocs\ProT2_42741081\system\CodeIgniter.php(419): CodeIgniter\CodeIgniter->runController(Object(App\Controllers\Home))
#6 C:\xampp\htdocs\ProT2_42741081\system\CodeIgniter.php(326): CodeIgniter\CodeIgniter->handleRequest(NULL, Object(Config\Cache), false)
#7 C:\xampp\htdocs\ProT2_42741081\index.php(37): CodeIgniter\CodeIgniter->run()
#8 {main}
CRITICAL - 2024-06-21 21:17:06 --> Call to undefined function set_value()
#0 C:\xampp\htdocs\ProT2_42741081\system\View\View.php(210): include()
#1 C:\xampp\htdocs\ProT2_42741081\system\View\View.php(213): CodeIgniter\View\View->CodeIgniter\View\{closure}()
#2 C:\xampp\htdocs\ProT2_42741081\system\Common.php(1089): CodeIgniter\View\View->render('front/registrar...', Array, true)
#3 C:\xampp\htdocs\ProT2_42741081\app\Controllers\Home.php(46): view('front/registrar...')
#4 C:\xampp\htdocs\ProT2_42741081\system\CodeIgniter.php(832): App\Controllers\Home->registrarse()
#5 C:\xampp\htdocs\ProT2_42741081\system\CodeIgniter.php(419): CodeIgniter\CodeIgniter->runController(Object(App\Controllers\Home))
#6 C:\xampp\htdocs\ProT2_42741081\system\CodeIgniter.php(326): CodeIgniter\CodeIgniter->handleRequest(NULL, Object(Config\Cache), false)
#7 C:\xampp\htdocs\ProT2_42741081\index.php(37): CodeIgniter\CodeIgniter->run()
#8 {main}
CRITICAL - 2024-06-21 21:31:20 --> Call to undefined function set_value()
#0 C:\xampp\htdocs\ProT2_42741081\system\View\View.php(210): include()
#1 C:\xampp\htdocs\ProT2_42741081\system\View\View.php(213): CodeIgniter\View\View->CodeIgniter\View\{closure}()
#2 C:\xampp\htdocs\ProT2_42741081\system\Common.php(1089): CodeIgniter\View\View->render('front/registrar...', Array, true)
#3 C:\xampp\htdocs\ProT2_42741081\app\Controllers\Home.php(46): view('front/registrar...')
#4 C:\xampp\htdocs\ProT2_42741081\system\CodeIgniter.php(832): App\Controllers\Home->registrarse()
#5 C:\xampp\htdocs\ProT2_42741081\system\CodeIgniter.php(419): CodeIgniter\CodeIgniter->runController(Object(App\Controllers\Home))
#6 C:\xampp\htdocs\ProT2_42741081\system\CodeIgniter.php(326): CodeIgniter\CodeIgniter->handleRequest(NULL, Object(Config\Cache), false)
#7 C:\xampp\htdocs\ProT2_42741081\index.php(37): CodeIgniter\CodeIgniter->run()
#8 {main}
CRITICAL - 2024-06-21 21:31:27 --> Call to undefined function set_value()
#0 C:\xampp\htdocs\ProT2_42741081\system\View\View.php(210): include()
#1 C:\xampp\htdocs\ProT2_42741081\system\View\View.php(213): CodeIgniter\View\View->CodeIgniter\View\{closure}()
#2 C:\xampp\htdocs\ProT2_42741081\system\Common.php(1089): CodeIgniter\View\View->render('front/registrar...', Array, true)
#3 C:\xampp\htdocs\ProT2_42741081\app\Controllers\Home.php(46): view('front/registrar...')
#4 C:\xampp\htdocs\ProT2_42741081\system\CodeIgniter.php(832): App\Controllers\Home->registrarse()
#5 C:\xampp\htdocs\ProT2_42741081\system\CodeIgniter.php(419): CodeIgniter\CodeIgniter->runController(Object(App\Controllers\Home))
#6 C:\xampp\htdocs\ProT2_42741081\system\CodeIgniter.php(326): CodeIgniter\CodeIgniter->handleRequest(NULL, Object(Config\Cache), false)
#7 C:\xampp\htdocs\ProT2_42741081\index.php(37): CodeIgniter\CodeIgniter->run()
#8 {main}
CRITICAL - 2024-06-21 21:31:35 --> Call to undefined function set_value()
#0 C:\xampp\htdocs\ProT2_42741081\system\View\View.php(210): include()
#1 C:\xampp\htdocs\ProT2_42741081\system\View\View.php(213): CodeIgniter\View\View->CodeIgniter\View\{closure}()
#2 C:\xampp\htdocs\ProT2_42741081\system\Common.php(1089): CodeIgniter\View\View->render('front/registrar...', Array, true)
#3 C:\xampp\htdocs\ProT2_42741081\app\Controllers\Home.php(46): view('front/registrar...')
#4 C:\xampp\htdocs\ProT2_42741081\system\CodeIgniter.php(832): App\Controllers\Home->registrarse()
#5 C:\xampp\htdocs\ProT2_42741081\system\CodeIgniter.php(419): CodeIgniter\CodeIgniter->runController(Object(App\Controllers\Home))
#6 C:\xampp\htdocs\ProT2_42741081\system\CodeIgniter.php(326): CodeIgniter\CodeIgniter->handleRequest(NULL, Object(Config\Cache), false)
#7 C:\xampp\htdocs\ProT2_42741081\index.php(37): CodeIgniter\CodeIgniter->run()
#8 {main}
CRITICAL - 2024-06-21 21:38:50 --> Call to undefined function set_value()
#0 C:\xampp\htdocs\ProT2_42741081\system\View\View.php(210): include()
#1 C:\xampp\htdocs\ProT2_42741081\system\View\View.php(213): CodeIgniter\View\View->CodeIgniter\View\{closure}()
#2 C:\xampp\htdocs\ProT2_42741081\system\Common.php(1089): CodeIgniter\View\View->render('front/registrar...', Array, true)
#3 C:\xampp\htdocs\ProT2_42741081\app\Controllers\Home.php(46): view('front/registrar...')
#4 C:\xampp\htdocs\ProT2_42741081\system\CodeIgniter.php(832): App\Controllers\Home->registrarse()
#5 C:\xampp\htdocs\ProT2_42741081\system\CodeIgniter.php(419): CodeIgniter\CodeIgniter->runController(Object(App\Controllers\Home))
#6 C:\xampp\htdocs\ProT2_42741081\system\CodeIgniter.php(326): CodeIgniter\CodeIgniter->handleRequest(NULL, Object(Config\Cache), false)
#7 C:\xampp\htdocs\ProT2_42741081\index.php(37): CodeIgniter\CodeIgniter->run()
#8 {main}
