ERROR - 2024-05-07 12:40:29 --> Error connecting to the database: Unknown database 'gauna_natalia23'
CRITICAL - 2024-05-07 12:40:29 --> Unable to connect to the database.
Main connection [MySQLi]: Unknown database 'gauna_natalia23'
#0 C:\xampp\htdocs\ZalazarKaren\system\Database\BaseConnection.php(577): CodeIgniter\Database\BaseConnection->initialize()
#1 C:\xampp\htdocs\ZalazarKaren\system\Database\BaseBuilder.php(1771): CodeIgniter\Database\BaseConnection->query('INSERT INTO `co...', Array, false)
#2 C:\xampp\htdocs\ZalazarKaren\system\Model.php(239): CodeIgniter\Database\BaseBuilder->insert()
#3 C:\xampp\htdocs\ZalazarKaren\system\BaseModel.php(738): CodeIgniter\Model->doInsert(Array)
#4 C:\xampp\htdocs\ZalazarKaren\system\Model.php(625): CodeIgniter\BaseModel->insert(Array, true)
#5 C:\xampp\htdocs\ZalazarKaren\app\Controllers\consulta_controller.php(31): CodeIgniter\Model->insert(Array)
#6 C:\xampp\htdocs\ZalazarKaren\system\CodeIgniter.php(832): App\Controllers\Consulta_controller->agregar_consulta()
#7 C:\xampp\htdocs\ZalazarKaren\system\CodeIgniter.php(419): CodeIgniter\CodeIgniter->runController(Object(App\Controllers\Consulta_controller))
#8 C:\xampp\htdocs\ZalazarKaren\system\CodeIgniter.php(326): CodeIgniter\CodeIgniter->handleRequest(NULL, Object(Config\Cache), false)
#9 C:\xampp\htdocs\ZalazarKaren\index.php(37): CodeIgniter\CodeIgniter->run()
#10 {main}
ERROR - 2024-05-07 12:43:26 --> Error connecting to the database: Unknown database 'gauna_natalia23'
CRITICAL - 2024-05-07 12:43:26 --> Unable to connect to the database.
Main connection [MySQLi]: Unknown database 'gauna_natalia23'
#0 C:\xampp\htdocs\ZalazarKaren\system\Database\BaseConnection.php(577): CodeIgniter\Database\BaseConnection->initialize()
#1 C:\xampp\htdocs\ZalazarKaren\system\Database\BaseBuilder.php(1771): CodeIgniter\Database\BaseConnection->query('INSERT INTO `co...', Array, false)
#2 C:\xampp\htdocs\ZalazarKaren\system\Model.php(239): CodeIgniter\Database\BaseBuilder->insert()
#3 C:\xampp\htdocs\ZalazarKaren\system\BaseModel.php(738): CodeIgniter\Model->doInsert(Array)
#4 C:\xampp\htdocs\ZalazarKaren\system\Model.php(625): CodeIgniter\BaseModel->insert(Array, true)
#5 C:\xampp\htdocs\ZalazarKaren\app\Controllers\consulta_controller.php(31): CodeIgniter\Model->insert(Array)
#6 C:\xampp\htdocs\ZalazarKaren\system\CodeIgniter.php(832): App\Controllers\Consulta_controller->agregar_consulta()
#7 C:\xampp\htdocs\ZalazarKaren\system\CodeIgniter.php(419): CodeIgniter\CodeIgniter->runController(Object(App\Controllers\Consulta_controller))
#8 C:\xampp\htdocs\ZalazarKaren\system\CodeIgniter.php(326): CodeIgniter\CodeIgniter->handleRequest(NULL, Object(Config\Cache), false)
#9 C:\xampp\htdocs\ZalazarKaren\index.php(37): CodeIgniter\CodeIgniter->run()
#10 {main}
CRITICAL - 2024-05-07 12:43:36 --> Invalid file: back/usuario/login.php
#0 C:\xampp\htdocs\ZalazarKaren\system\View\View.php(198): CodeIgniter\Exceptions\FrameworkException::forInvalidFile('back/usuario/lo...')
#1 C:\xampp\htdocs\ZalazarKaren\system\Common.php(1089): CodeIgniter\View\View->render('back/usuario/lo...', Array, true)
#2 C:\xampp\htdocs\ZalazarKaren\app\Controllers\login_controller.php(15): view('back/usuario/lo...')
#3 C:\xampp\htdocs\ZalazarKaren\system\CodeIgniter.php(832): App\Controllers\login_Controller->index()
#4 C:\xampp\htdocs\ZalazarKaren\system\CodeIgniter.php(419): CodeIgniter\CodeIgniter->runController(Object(App\Controllers\login_Controller))
#5 C:\xampp\htdocs\ZalazarKaren\system\CodeIgniter.php(326): CodeIgniter\CodeIgniter->handleRequest(NULL, Object(Config\Cache), false)
#6 C:\xampp\htdocs\ZalazarKaren\index.php(37): CodeIgniter\CodeIgniter->run()
#7 {main}
CRITICAL - 2024-05-07 12:43:41 --> Invalid file: back/usuario/login.php
#0 C:\xampp\htdocs\ZalazarKaren\system\View\View.php(198): CodeIgniter\Exceptions\FrameworkException::forInvalidFile('back/usuario/lo...')
#1 C:\xampp\htdocs\ZalazarKaren\system\Common.php(1089): CodeIgniter\View\View->render('back/usuario/lo...', Array, true)
#2 C:\xampp\htdocs\ZalazarKaren\app\Controllers\login_controller.php(15): view('back/usuario/lo...')
#3 C:\xampp\htdocs\ZalazarKaren\system\CodeIgniter.php(832): App\Controllers\login_Controller->index()
#4 C:\xampp\htdocs\ZalazarKaren\system\CodeIgniter.php(419): CodeIgniter\CodeIgniter->runController(Object(App\Controllers\login_Controller))
#5 C:\xampp\htdocs\ZalazarKaren\system\CodeIgniter.php(326): CodeIgniter\CodeIgniter->handleRequest(NULL, Object(Config\Cache), false)
#6 C:\xampp\htdocs\ZalazarKaren\index.php(37): CodeIgniter\CodeIgniter->run()
#7 {main}
CRITICAL - 2024-05-07 12:43:43 --> Invalid file: back/usuario/registrarse.php
#0 C:\xampp\htdocs\ZalazarKaren\system\View\View.php(198): CodeIgniter\Exceptions\FrameworkException::forInvalidFile('back/usuario/re...')
#1 C:\xampp\htdocs\ZalazarKaren\system\Common.php(1089): CodeIgniter\View\View->render('back/usuario/re...', Array, true)
#2 C:\xampp\htdocs\ZalazarKaren\app\Controllers\usuario_controller.php(17): view('back/usuario/re...')
#3 C:\xampp\htdocs\ZalazarKaren\system\CodeIgniter.php(832): App\Controllers\usuario_controller->create()
#4 C:\xampp\htdocs\ZalazarKaren\system\CodeIgniter.php(419): CodeIgniter\CodeIgniter->runController(Object(App\Controllers\usuario_controller))
#5 C:\xampp\htdocs\ZalazarKaren\system\CodeIgniter.php(326): CodeIgniter\CodeIgniter->handleRequest(NULL, Object(Config\Cache), false)
#6 C:\xampp\htdocs\ZalazarKaren\index.php(37): CodeIgniter\CodeIgniter->run()
#7 {main}
ERROR - 2024-05-07 12:44:19 --> Error connecting to the database: Unknown database 'gauna_natalia23'
CRITICAL - 2024-05-07 12:44:19 --> Unable to connect to the database.
Main connection [MySQLi]: Unknown database 'gauna_natalia23'
#0 C:\xampp\htdocs\ZalazarKaren\system\Database\BaseConnection.php(577): CodeIgniter\Database\BaseConnection->initialize()
#1 C:\xampp\htdocs\ZalazarKaren\system\Database\BaseBuilder.php(1771): CodeIgniter\Database\BaseConnection->query('INSERT INTO `co...', Array, false)
#2 C:\xampp\htdocs\ZalazarKaren\system\Model.php(239): CodeIgniter\Database\BaseBuilder->insert()
#3 C:\xampp\htdocs\ZalazarKaren\system\BaseModel.php(738): CodeIgniter\Model->doInsert(Array)
#4 C:\xampp\htdocs\ZalazarKaren\system\Model.php(625): CodeIgniter\BaseModel->insert(Array, true)
#5 C:\xampp\htdocs\ZalazarKaren\app\Controllers\consulta_controller.php(31): CodeIgniter\Model->insert(Array)
#6 C:\xampp\htdocs\ZalazarKaren\system\CodeIgniter.php(832): App\Controllers\Consulta_controller->agregar_consulta()
#7 C:\xampp\htdocs\ZalazarKaren\system\CodeIgniter.php(419): CodeIgniter\CodeIgniter->runController(Object(App\Controllers\Consulta_controller))
#8 C:\xampp\htdocs\ZalazarKaren\system\CodeIgniter.php(326): CodeIgniter\CodeIgniter->handleRequest(NULL, Object(Config\Cache), false)
#9 C:\xampp\htdocs\ZalazarKaren\index.php(37): CodeIgniter\CodeIgniter->run()
#10 {main}
ERROR - 2024-05-07 12:48:25 --> Error connecting to the database: Unknown database 'zalazar_karen'
CRITICAL - 2024-05-07 12:48:25 --> Unable to connect to the database.
Main connection [MySQLi]: Unknown database 'zalazar_karen'
#0 C:\xampp\htdocs\ZalazarKaren\system\Database\BaseConnection.php(577): CodeIgniter\Database\BaseConnection->initialize()
#1 C:\xampp\htdocs\ZalazarKaren\system\Database\BaseBuilder.php(1771): CodeIgniter\Database\BaseConnection->query('INSERT INTO `co...', Array, false)
#2 C:\xampp\htdocs\ZalazarKaren\system\Model.php(239): CodeIgniter\Database\BaseBuilder->insert()
#3 C:\xampp\htdocs\ZalazarKaren\system\BaseModel.php(738): CodeIgniter\Model->doInsert(Array)
#4 C:\xampp\htdocs\ZalazarKaren\system\Model.php(625): CodeIgniter\BaseModel->insert(Array, true)
#5 C:\xampp\htdocs\ZalazarKaren\app\Controllers\consulta_controller.php(31): CodeIgniter\Model->insert(Array)
#6 C:\xampp\htdocs\ZalazarKaren\system\CodeIgniter.php(832): App\Controllers\Consulta_controller->agregar_consulta()
#7 C:\xampp\htdocs\ZalazarKaren\system\CodeIgniter.php(419): CodeIgniter\CodeIgniter->runController(Object(App\Controllers\Consulta_controller))
#8 C:\xampp\htdocs\ZalazarKaren\system\CodeIgniter.php(326): CodeIgniter\CodeIgniter->handleRequest(NULL, Object(Config\Cache), false)
#9 C:\xampp\htdocs\ZalazarKaren\index.php(37): CodeIgniter\CodeIgniter->run()
#10 {main}
ERROR - 2024-05-07 12:48:51 --> Error connecting to the database: Unknown database 'zalazar_karen'
CRITICAL - 2024-05-07 12:48:51 --> Unable to connect to the database.
Main connection [MySQLi]: Unknown database 'zalazar_karen'
#0 C:\xampp\htdocs\ZalazarKaren\system\Database\BaseConnection.php(577): CodeIgniter\Database\BaseConnection->initialize()
#1 C:\xampp\htdocs\ZalazarKaren\system\Database\BaseBuilder.php(1455): CodeIgniter\Database\BaseConnection->query('SELECT 1\nFROM `...', Array, false)
#2 C:\xampp\htdocs\ZalazarKaren\system\Validation\Rules.php(142): CodeIgniter\Database\BaseBuilder->get()
#3 C:\xampp\htdocs\ZalazarKaren\system\Validation\Validation.php(292): CodeIgniter\Validation\Rules->is_unique('zalazar.karen.e...', 'email', Array, NULL)
#4 C:\xampp\htdocs\ZalazarKaren\system\Validation\Validation.php(157): CodeIgniter\Validation\Validation->processRules('email', 'email', 'zalazar.karen.e...', Array, Array)
#5 C:\xampp\htdocs\ZalazarKaren\system\Controller.php(160): CodeIgniter\Validation\Validation->run()
#6 C:\xampp\htdocs\ZalazarKaren\app\Controllers\usuario_controller.php(24): CodeIgniter\Controller->validate(Array)
#7 C:\xampp\htdocs\ZalazarKaren\system\CodeIgniter.php(832): App\Controllers\usuario_controller->formValidation()
#8 C:\xampp\htdocs\ZalazarKaren\system\CodeIgniter.php(419): CodeIgniter\CodeIgniter->runController(Object(App\Controllers\usuario_controller))
#9 C:\xampp\htdocs\ZalazarKaren\system\CodeIgniter.php(326): CodeIgniter\CodeIgniter->handleRequest(NULL, Object(Config\Cache), false)
#10 C:\xampp\htdocs\ZalazarKaren\index.php(37): CodeIgniter\CodeIgniter->run()
#11 {main}
ERROR - 2024-05-07 12:49:14 --> Error connecting to the database: Unknown database 'zalazar_karen'
CRITICAL - 2024-05-07 12:49:14 --> Unable to connect to the database.
Main connection [MySQLi]: Unknown database 'zalazar_karen'
#0 C:\xampp\htdocs\ZalazarKaren\system\Database\BaseConnection.php(577): CodeIgniter\Database\BaseConnection->initialize()
#1 C:\xampp\htdocs\ZalazarKaren\system\Database\BaseBuilder.php(1455): CodeIgniter\Database\BaseConnection->query('SELECT *\nFROM `...', Array, false)
#2 C:\xampp\htdocs\ZalazarKaren\system\Model.php(210): CodeIgniter\Database\BaseBuilder->get()
#3 C:\xampp\htdocs\ZalazarKaren\system\BaseModel.php(622): CodeIgniter\Model->doFirst()
#4 C:\xampp\htdocs\ZalazarKaren\app\Controllers\login_controller.php(23): CodeIgniter\BaseModel->first()
#5 C:\xampp\htdocs\ZalazarKaren\system\CodeIgniter.php(832): App\Controllers\login_Controller->auth()
#6 C:\xampp\htdocs\ZalazarKaren\system\CodeIgniter.php(419): CodeIgniter\CodeIgniter->runController(Object(App\Controllers\login_Controller))
#7 C:\xampp\htdocs\ZalazarKaren\system\CodeIgniter.php(326): CodeIgniter\CodeIgniter->handleRequest(NULL, Object(Config\Cache), false)
#8 C:\xampp\htdocs\ZalazarKaren\index.php(37): CodeIgniter\CodeIgniter->run()
#9 {main}
ERROR - 2024-05-07 13:01:52 --> Error connecting to the database: Unknown database 'zalazar_karen'
CRITICAL - 2024-05-07 13:01:52 --> Unable to connect to the database.
Main connection [MySQLi]: Unknown database 'zalazar_karen'
#0 C:\xampp\htdocs\ZalazarKaren\system\Database\BaseConnection.php(577): CodeIgniter\Database\BaseConnection->initialize()
#1 C:\xampp\htdocs\ZalazarKaren\system\Database\BaseBuilder.php(1771): CodeIgniter\Database\BaseConnection->query('INSERT INTO `co...', Array, false)
#2 C:\xampp\htdocs\ZalazarKaren\system\Model.php(239): CodeIgniter\Database\BaseBuilder->insert()
#3 C:\xampp\htdocs\ZalazarKaren\system\BaseModel.php(738): CodeIgniter\Model->doInsert(Array)
#4 C:\xampp\htdocs\ZalazarKaren\system\Model.php(625): CodeIgniter\BaseModel->insert(Array, true)
#5 C:\xampp\htdocs\ZalazarKaren\app\Controllers\consulta_controller.php(31): CodeIgniter\Model->insert(Array)
#6 C:\xampp\htdocs\ZalazarKaren\system\CodeIgniter.php(832): App\Controllers\Consulta_controller->agregar_consulta()
#7 C:\xampp\htdocs\ZalazarKaren\system\CodeIgniter.php(419): CodeIgniter\CodeIgniter->runController(Object(App\Controllers\Consulta_controller))
#8 C:\xampp\htdocs\ZalazarKaren\system\CodeIgniter.php(326): CodeIgniter\CodeIgniter->handleRequest(NULL, Object(Config\Cache), false)
#9 C:\xampp\htdocs\ZalazarKaren\index.php(37): CodeIgniter\CodeIgniter->run()
#10 {main}
ERROR - 2024-05-07 13:04:43 --> Error connecting to the database: Unknown database 'zalazar_karen'
CRITICAL - 2024-05-07 13:04:43 --> Unable to connect to the database.
Main connection [MySQLi]: Unknown database 'zalazar_karen'
#0 C:\xampp\htdocs\ZalazarKaren\system\Database\BaseConnection.php(577): CodeIgniter\Database\BaseConnection->initialize()
#1 C:\xampp\htdocs\ZalazarKaren\system\Database\BaseBuilder.php(1455): CodeIgniter\Database\BaseConnection->query('SELECT 1\nFROM `...', Array, false)
#2 C:\xampp\htdocs\ZalazarKaren\system\Validation\Rules.php(142): CodeIgniter\Database\BaseBuilder->get()
#3 C:\xampp\htdocs\ZalazarKaren\system\Validation\Validation.php(292): CodeIgniter\Validation\Rules->is_unique('aldanazalazar64...', 'email', Array, NULL)
#4 C:\xampp\htdocs\ZalazarKaren\system\Validation\Validation.php(157): CodeIgniter\Validation\Validation->processRules('email', 'email', 'aldanazalazar64...', Array, Array)
#5 C:\xampp\htdocs\ZalazarKaren\system\Controller.php(160): CodeIgniter\Validation\Validation->run()
#6 C:\xampp\htdocs\ZalazarKaren\app\Controllers\usuario_controller.php(24): CodeIgniter\Controller->validate(Array)
#7 C:\xampp\htdocs\ZalazarKaren\system\CodeIgniter.php(832): App\Controllers\usuario_controller->formValidation()
#8 C:\xampp\htdocs\ZalazarKaren\system\CodeIgniter.php(419): CodeIgniter\CodeIgniter->runController(Object(App\Controllers\usuario_controller))
#9 C:\xampp\htdocs\ZalazarKaren\system\CodeIgniter.php(326): CodeIgniter\CodeIgniter->handleRequest(NULL, Object(Config\Cache), false)
#10 C:\xampp\htdocs\ZalazarKaren\index.php(37): CodeIgniter\CodeIgniter->run()
#11 {main}
