CRITICAL - 2023-05-12 13:49:54 --> Invalid file: back/login/login.php
#0 C:\xampp\htdocs\gauna\system\View\View.php(198): CodeIgniter\Exceptions\FrameworkException::forInvalidFile('back/login/logi...')
#1 C:\xampp\htdocs\gauna\system\Common.php(1089): CodeIgniter\View\View->render('back/login/logi...', Array, true)
#2 C:\xampp\htdocs\gauna\app\Controllers\login_controller.php(15): view('back/login/logi...')
#3 C:\xampp\htdocs\gauna\system\CodeIgniter.php(832): App\Controllers\Login_Controller->index()
#4 C:\xampp\htdocs\gauna\system\CodeIgniter.php(419): CodeIgniter\CodeIgniter->runController(Object(App\Controllers\Login_Controller))
#5 C:\xampp\htdocs\gauna\system\CodeIgniter.php(326): CodeIgniter\CodeIgniter->handleRequest(NULL, Object(Config\Cache), false)
#6 C:\xampp\htdocs\gauna\index.php(37): CodeIgniter\CodeIgniter->run()
#7 {main}
ERROR - 2023-05-12 14:23:27 --> Duplicate entry '0' for key 'PRIMARY'
CRITICAL - 2023-05-12 14:23:27 --> Duplicate entry '0' for key 'PRIMARY'
#0 C:\xampp\htdocs\gauna\system\Database\MySQLi\Connection.php(292): mysqli->query('INSERT INTO `us...', 0)
#1 C:\xampp\htdocs\gauna\system\Database\BaseConnection.php(670): CodeIgniter\Database\MySQLi\Connection->execute('INSERT INTO `us...')
#2 C:\xampp\htdocs\gauna\system\Database\BaseConnection.php(598): CodeIgniter\Database\BaseConnection->simpleQuery('INSERT INTO `us...')
#3 C:\xampp\htdocs\gauna\system\Database\BaseBuilder.php(1771): CodeIgniter\Database\BaseConnection->query('INSERT INTO `us...', Array, false)
#4 C:\xampp\htdocs\gauna\system\Model.php(239): CodeIgniter\Database\BaseBuilder->insert()
#5 C:\xampp\htdocs\gauna\system\BaseModel.php(738): CodeIgniter\Model->doInsert(Array)
#6 C:\xampp\htdocs\gauna\system\Model.php(625): CodeIgniter\BaseModel->insert(Array, false)
#7 C:\xampp\htdocs\gauna\system\BaseModel.php(658): CodeIgniter\Model->insert(Array, false)
#8 C:\xampp\htdocs\gauna\app\Controllers\usuario_controller.php(48): CodeIgniter\BaseModel->save(Array)
#9 C:\xampp\htdocs\gauna\system\CodeIgniter.php(832): App\Controllers\usuario_controller->formValidation()
#10 C:\xampp\htdocs\gauna\system\CodeIgniter.php(419): CodeIgniter\CodeIgniter->runController(Object(App\Controllers\usuario_controller))
#11 C:\xampp\htdocs\gauna\system\CodeIgniter.php(326): CodeIgniter\CodeIgniter->handleRequest(NULL, Object(Config\Cache), false)
#12 C:\xampp\htdocs\gauna\index.php(37): CodeIgniter\CodeIgniter->run()
#13 {main}
ERROR - 2023-05-12 14:23:45 --> Duplicate entry '0' for key 'PRIMARY'
CRITICAL - 2023-05-12 14:23:45 --> Duplicate entry '0' for key 'PRIMARY'
#0 C:\xampp\htdocs\gauna\system\Database\MySQLi\Connection.php(292): mysqli->query('INSERT INTO `us...', 0)
#1 C:\xampp\htdocs\gauna\system\Database\BaseConnection.php(670): CodeIgniter\Database\MySQLi\Connection->execute('INSERT INTO `us...')
#2 C:\xampp\htdocs\gauna\system\Database\BaseConnection.php(598): CodeIgniter\Database\BaseConnection->simpleQuery('INSERT INTO `us...')
#3 C:\xampp\htdocs\gauna\system\Database\BaseBuilder.php(1771): CodeIgniter\Database\BaseConnection->query('INSERT INTO `us...', Array, false)
#4 C:\xampp\htdocs\gauna\system\Model.php(239): CodeIgniter\Database\BaseBuilder->insert()
#5 C:\xampp\htdocs\gauna\system\BaseModel.php(738): CodeIgniter\Model->doInsert(Array)
#6 C:\xampp\htdocs\gauna\system\Model.php(625): CodeIgniter\BaseModel->insert(Array, false)
#7 C:\xampp\htdocs\gauna\system\BaseModel.php(658): CodeIgniter\Model->insert(Array, false)
#8 C:\xampp\htdocs\gauna\app\Controllers\usuario_controller.php(48): CodeIgniter\BaseModel->save(Array)
#9 C:\xampp\htdocs\gauna\system\CodeIgniter.php(832): App\Controllers\usuario_controller->formValidation()
#10 C:\xampp\htdocs\gauna\system\CodeIgniter.php(419): CodeIgniter\CodeIgniter->runController(Object(App\Controllers\usuario_controller))
#11 C:\xampp\htdocs\gauna\system\CodeIgniter.php(326): CodeIgniter\CodeIgniter->handleRequest(NULL, Object(Config\Cache), false)
#12 C:\xampp\htdocs\gauna\index.php(37): CodeIgniter\CodeIgniter->run()
#13 {main}
ERROR - 2023-05-12 14:27:27 --> Duplicate entry '0' for key 'PRIMARY'
CRITICAL - 2023-05-12 14:27:27 --> Duplicate entry '0' for key 'PRIMARY'
#0 C:\xampp\htdocs\gauna\system\Database\MySQLi\Connection.php(292): mysqli->query('INSERT INTO `us...', 0)
#1 C:\xampp\htdocs\gauna\system\Database\BaseConnection.php(670): CodeIgniter\Database\MySQLi\Connection->execute('INSERT INTO `us...')
#2 C:\xampp\htdocs\gauna\system\Database\BaseConnection.php(598): CodeIgniter\Database\BaseConnection->simpleQuery('INSERT INTO `us...')
#3 C:\xampp\htdocs\gauna\system\Database\BaseBuilder.php(1771): CodeIgniter\Database\BaseConnection->query('INSERT INTO `us...', Array, false)
#4 C:\xampp\htdocs\gauna\system\Model.php(239): CodeIgniter\Database\BaseBuilder->insert()
#5 C:\xampp\htdocs\gauna\system\BaseModel.php(738): CodeIgniter\Model->doInsert(Array)
#6 C:\xampp\htdocs\gauna\system\Model.php(625): CodeIgniter\BaseModel->insert(Array, false)
#7 C:\xampp\htdocs\gauna\system\BaseModel.php(658): CodeIgniter\Model->insert(Array, false)
#8 C:\xampp\htdocs\gauna\app\Controllers\usuario_controller.php(48): CodeIgniter\BaseModel->save(Array)
#9 C:\xampp\htdocs\gauna\system\CodeIgniter.php(832): App\Controllers\usuario_controller->formValidation()
#10 C:\xampp\htdocs\gauna\system\CodeIgniter.php(419): CodeIgniter\CodeIgniter->runController(Object(App\Controllers\usuario_controller))
#11 C:\xampp\htdocs\gauna\system\CodeIgniter.php(326): CodeIgniter\CodeIgniter->handleRequest(NULL, Object(Config\Cache), false)
#12 C:\xampp\htdocs\gauna\index.php(37): CodeIgniter\CodeIgniter->run()
#13 {main}
ERROR - 2023-05-12 14:28:47 --> Duplicate entry '0' for key 'PRIMARY'
CRITICAL - 2023-05-12 14:28:47 --> Duplicate entry '0' for key 'PRIMARY'
#0 C:\xampp\htdocs\gauna\system\Database\MySQLi\Connection.php(292): mysqli->query('INSERT INTO `us...', 0)
#1 C:\xampp\htdocs\gauna\system\Database\BaseConnection.php(670): CodeIgniter\Database\MySQLi\Connection->execute('INSERT INTO `us...')
#2 C:\xampp\htdocs\gauna\system\Database\BaseConnection.php(598): CodeIgniter\Database\BaseConnection->simpleQuery('INSERT INTO `us...')
#3 C:\xampp\htdocs\gauna\system\Database\BaseBuilder.php(1771): CodeIgniter\Database\BaseConnection->query('INSERT INTO `us...', Array, false)
#4 C:\xampp\htdocs\gauna\system\Model.php(239): CodeIgniter\Database\BaseBuilder->insert()
#5 C:\xampp\htdocs\gauna\system\BaseModel.php(738): CodeIgniter\Model->doInsert(Array)
#6 C:\xampp\htdocs\gauna\system\Model.php(625): CodeIgniter\BaseModel->insert(Array, false)
#7 C:\xampp\htdocs\gauna\system\BaseModel.php(658): CodeIgniter\Model->insert(Array, false)
#8 C:\xampp\htdocs\gauna\app\Controllers\usuario_controller.php(48): CodeIgniter\BaseModel->save(Array)
#9 C:\xampp\htdocs\gauna\system\CodeIgniter.php(832): App\Controllers\usuario_controller->formValidation()
#10 C:\xampp\htdocs\gauna\system\CodeIgniter.php(419): CodeIgniter\CodeIgniter->runController(Object(App\Controllers\usuario_controller))
#11 C:\xampp\htdocs\gauna\system\CodeIgniter.php(326): CodeIgniter\CodeIgniter->handleRequest(NULL, Object(Config\Cache), false)
#12 C:\xampp\htdocs\gauna\index.php(37): CodeIgniter\CodeIgniter->run()
#13 {main}
ERROR - 2023-05-12 14:29:18 --> Duplicate entry '0' for key 'PRIMARY'
CRITICAL - 2023-05-12 14:29:18 --> Duplicate entry '0' for key 'PRIMARY'
#0 C:\xampp\htdocs\gauna\system\Database\MySQLi\Connection.php(292): mysqli->query('INSERT INTO `us...', 0)
#1 C:\xampp\htdocs\gauna\system\Database\BaseConnection.php(670): CodeIgniter\Database\MySQLi\Connection->execute('INSERT INTO `us...')
#2 C:\xampp\htdocs\gauna\system\Database\BaseConnection.php(598): CodeIgniter\Database\BaseConnection->simpleQuery('INSERT INTO `us...')
#3 C:\xampp\htdocs\gauna\system\Database\BaseBuilder.php(1771): CodeIgniter\Database\BaseConnection->query('INSERT INTO `us...', Array, false)
#4 C:\xampp\htdocs\gauna\system\Model.php(239): CodeIgniter\Database\BaseBuilder->insert()
#5 C:\xampp\htdocs\gauna\system\BaseModel.php(738): CodeIgniter\Model->doInsert(Array)
#6 C:\xampp\htdocs\gauna\system\Model.php(625): CodeIgniter\BaseModel->insert(Array, false)
#7 C:\xampp\htdocs\gauna\system\BaseModel.php(658): CodeIgniter\Model->insert(Array, false)
#8 C:\xampp\htdocs\gauna\app\Controllers\usuario_controller.php(48): CodeIgniter\BaseModel->save(Array)
#9 C:\xampp\htdocs\gauna\system\CodeIgniter.php(832): App\Controllers\usuario_controller->formValidation()
#10 C:\xampp\htdocs\gauna\system\CodeIgniter.php(419): CodeIgniter\CodeIgniter->runController(Object(App\Controllers\usuario_controller))
#11 C:\xampp\htdocs\gauna\system\CodeIgniter.php(326): CodeIgniter\CodeIgniter->handleRequest(NULL, Object(Config\Cache), false)
#12 C:\xampp\htdocs\gauna\index.php(37): CodeIgniter\CodeIgniter->run()
#13 {main}
CRITICAL - 2023-05-12 15:00:55 --> Undefined variable: titulo
#0 C:\xampp\htdocs\gauna\app\Views\front\head_view.php(6): CodeIgniter\Debug\Exceptions->errorHandler(8, 'Undefined varia...', 'C:\\xampp\\htdocs...', 6, Array)
#1 C:\xampp\htdocs\gauna\system\View\View.php(210): include('C:\\xampp\\htdocs...')
#2 C:\xampp\htdocs\gauna\system\View\View.php(213): CodeIgniter\View\View->CodeIgniter\View\{closure}()
#3 C:\xampp\htdocs\gauna\system\Common.php(1089): CodeIgniter\View\View->render('front/head_view', Array, true)
#4 C:\xampp\htdocs\gauna\app\Controllers\Home.php(9): view('front/head_view')
#5 C:\xampp\htdocs\gauna\system\CodeIgniter.php(832): App\Controllers\Home->index()
#6 C:\xampp\htdocs\gauna\system\CodeIgniter.php(419): CodeIgniter\CodeIgniter->runController(Object(App\Controllers\Home))
#7 C:\xampp\htdocs\gauna\system\CodeIgniter.php(326): CodeIgniter\CodeIgniter->handleRequest(NULL, Object(Config\Cache), false)
#8 C:\xampp\htdocs\gauna\index.php(37): CodeIgniter\CodeIgniter->run()
#9 {main}
